Using pre-set license
Built from '2021.2/release' branch; Version is '2021.2.0f1 (4bf1ec4b23c9) revision 4977132'; Using compiler version '192829333'; Build Type 'Release'
OS: 'Windows 10 Home; OS build 19042.1288; Version 2009; 64bit' Language: 'ru' Physical Memory: 7997 MB
BatchMode: 1, IsHumanControllingUs: 0, StartBugReporterOnCrash: 0, Is64bit: 1, IsPro: 0

COMMAND LINE ARGUMENTS:
C:\Program Files\Unity\Hub\Editor\2021.2.0f1\Editor\Unity.exe
-adb2
-batchMode
-noUpm
-name
AssetImportWorker0
-projectPath
D:/Unity/UnityProjects/Prot_CardGame/Prot_CardGame
-logFile
Logs/AssetImportWorker0.log
-srvPort
59340
Successfully changed project path to: D:/Unity/UnityProjects/Prot_CardGame/Prot_CardGame
D:/Unity/UnityProjects/Prot_CardGame/Prot_CardGame
[UnityMemory] Configuration Parameters - Can be set up in boot.config
    "memorysetup-bucket-allocator-granularity=16"
    "memorysetup-bucket-allocator-bucket-count=8"
    "memorysetup-bucket-allocator-block-size=33554432"
    "memorysetup-bucket-allocator-block-count=8"
    "memorysetup-main-allocator-block-size=16777216"
    "memorysetup-thread-allocator-block-size=16777216"
    "memorysetup-gfx-main-allocator-block-size=16777216"
    "memorysetup-gfx-thread-allocator-block-size=16777216"
    "memorysetup-cache-allocator-block-size=4194304"
    "memorysetup-typetree-allocator-block-size=2097152"
    "memorysetup-profiler-bucket-allocator-granularity=16"
    "memorysetup-profiler-bucket-allocator-bucket-count=8"
    "memorysetup-profiler-bucket-allocator-block-size=33554432"
    "memorysetup-profiler-bucket-allocator-block-count=8"
    "memorysetup-profiler-allocator-block-size=16777216"
    "memorysetup-profiler-editor-allocator-block-size=1048576"
    "memorysetup-temp-allocator-size-main=16777216"
    "memorysetup-job-temp-allocator-block-size=2097152"
    "memorysetup-job-temp-allocator-block-size-background=1048576"
    "memorysetup-job-temp-allocator-reduction-small-platforms=262144"
    "memorysetup-temp-allocator-size-background-worker=32768"
    "memorysetup-temp-allocator-size-job-worker=262144"
    "memorysetup-temp-allocator-size-preload-manager=33554432"
    "memorysetup-temp-allocator-size-nav-mesh-worker=65536"
    "memorysetup-temp-allocator-size-audio-worker=65536"
    "memorysetup-temp-allocator-size-cloud-worker=32768"
    "memorysetup-temp-allocator-size-gi-baking-worker=262144"
    "memorysetup-temp-allocator-size-gfx=262144"
Refreshing native plugins compatible for Editor in 110.87 ms, found 3 plugins.
Preloading 0 native plugins for Editor in 0.00 ms.
Initialize engine version: 2021.2.0f1 (4bf1ec4b23c9)
[Subsystems] Discovering subsystems at path C:/Program Files/Unity/Hub/Editor/2021.2.0f1/Editor/Data/Resources/UnitySubsystems
[Subsystems] Discovering subsystems at path D:/Unity/UnityProjects/Prot_CardGame/Prot_CardGame/Assets
GfxDevice: creating device client; threaded=0; jobified=0
Direct3D:
    Version:  Direct3D 11.0 [level 11.1]
    Renderer: NVIDIA GeForce GTX 1650 (ID=0x1f91)
    Vendor:   NVIDIA
    VRAM:     3962 MB
    Driver:   30.0.14.9649
Initialize mono
Mono path[0] = 'C:/Program Files/Unity/Hub/Editor/2021.2.0f1/Editor/Data/Managed'
Mono path[1] = 'C:/Program Files/Unity/Hub/Editor/2021.2.0f1/Editor/Data/MonoBleedingEdge/lib/mono/unityjit-win32'
Mono config path = 'C:/Program Files/Unity/Hub/Editor/2021.2.0f1/Editor/Data/MonoBleedingEdge/etc'
Using monoOptions --debugger-agent=transport=dt_socket,embedding=1,server=y,suspend=n,address=127.0.0.1:56132
Begin MonoManager ReloadAssembly
Registering precompiled unity dll's ...
Register platform support module: C:/Program Files/Unity/Hub/Editor/2021.2.0f1/Editor/Data/PlaybackEngines/WindowsStandaloneSupport/UnityEditor.WindowsStandalone.Extensions.dll
Registered in 0.012407 seconds.
Native extension for WindowsStandalone target not found
Refreshing native plugins compatible for Editor in 92.33 ms, found 3 plugins.
Preloading 0 native plugins for Editor in 0.00 ms.
Mono: successfully reloaded assembly
- Completed reload, in  2.492 seconds
Domain Reload Profiling:
	ReloadAssembly (2493ms)
		BeginReloadAssembly (158ms)
			ExecutionOrderSort (0ms)
			DisableScriptedObjects (0ms)
			BackupInstance (0ms)
			ReleaseScriptingObjects (0ms)
			CreateAndSetChildDomain (1ms)
		EndReloadAssembly (598ms)
			LoadAssemblies (153ms)
			RebuildTransferFunctionScriptingTraits (0ms)
			SetupTypeCache (141ms)
			ReleaseScriptCaches (0ms)
			RebuildScriptCaches (39ms)
			SetupLoadedEditorAssemblies (344ms)
				LogAssemblyErrors (0ms)
				InitializePlatformSupportModulesInManaged (9ms)
				SetLoadedEditorAssemblies (0ms)
				RefreshPlugins (92ms)
				BeforeProcessingInitializeOnLoad (2ms)
				ProcessInitializeOnLoadAttributes (175ms)
				ProcessInitializeOnLoadMethodAttributes (65ms)
				AfterProcessingInitializeOnLoad (0ms)
				EditorAssembliesLoaded (0ms)
			ExecutionOrderSort2 (0ms)
			AwakeInstancesAfterBackupRestoration (0ms)
Platform modules already initialized, skipping
Registering precompiled user dll's ...
Registered in 0.008263 seconds.
Begin MonoManager ReloadAssembly
Symbol file LoadedFromMemory doesn't match image D:\Unity\UnityProjects\Prot_CardGame\Prot_CardGame\Library\PackageCache\com.unity.visualscripting@1.7.2\Editor\VisualScripting.Core\Dependencies\YamlDotNet\Unity.VisualScripting.YamlDotNet.dll
Symbol file LoadedFromMemory doesn't match image D:\Unity\UnityProjects\Prot_CardGame\Prot_CardGame\Library\PackageCache\com.unity.visualscripting@1.7.2\Editor\VisualScripting.Core\Dependencies\DotNetZip\Unity.VisualScripting.IonicZip.dll
Native extension for WindowsStandalone target not found
Refreshing native plugins compatible for Editor in 0.79 ms, found 3 plugins.
Preloading 0 native plugins for Editor in 0.00 ms.
Mono: successfully reloaded assembly
- Completed reload, in  1.428 seconds
Domain Reload Profiling:
	ReloadAssembly (1429ms)
		BeginReloadAssembly (236ms)
			ExecutionOrderSort (0ms)
			DisableScriptedObjects (7ms)
			BackupInstance (0ms)
			ReleaseScriptingObjects (0ms)
			CreateAndSetChildDomain (29ms)
		EndReloadAssembly (1054ms)
			LoadAssemblies (118ms)
			RebuildTransferFunctionScriptingTraits (0ms)
			SetupTypeCache (295ms)
			ReleaseScriptCaches (1ms)
			RebuildScriptCaches (68ms)
			SetupLoadedEditorAssemblies (451ms)
				LogAssemblyErrors (0ms)
				InitializePlatformSupportModulesInManaged (19ms)
				SetLoadedEditorAssemblies (0ms)
				RefreshPlugins (1ms)
				BeforeProcessingInitializeOnLoad (91ms)
				ProcessInitializeOnLoadAttributes (294ms)
				ProcessInitializeOnLoadMethodAttributes (31ms)
				AfterProcessingInitializeOnLoad (14ms)
				EditorAssembliesLoaded (0ms)
			ExecutionOrderSort2 (0ms)
			AwakeInstancesAfterBackupRestoration (7ms)
Platform modules already initialized, skipping
========================================================================
Worker process is ready to serve import requests
Launched and connected shader compiler UnityShaderCompiler.exe after 0.08 seconds
Refreshing native plugins compatible for Editor in 0.78 ms, found 3 plugins.
Preloading 0 native plugins for Editor in 0.00 ms.
Unloading 3122 Unused Serialized files (Serialized files now loaded: 0)
Unloading 23 unused Assets / (55.4 KB). Loaded Objects now: 3582.
Memory consumption went from 113.4 MB to 113.3 MB.
Total: 5.071300 ms (FindLiveObjects: 0.397600 ms CreateObjectMapping: 0.116700 ms MarkObjects: 4.470800 ms  DeleteObjects: 0.084300 ms)

AssetImportParameters requested are different than current active one (requested -> active):
  custom:video-decoder-ogg-theora: a1e56fd34408186e4bbccfd4996cb3dc -> 
  custom:container-muxer-webm: aa71ff27fc2769a1b78a27578f13a17b -> 
  custom:container-demuxer-webm: 4f35f7cbe854078d1ac9338744f61a02 -> 
  custom:video-encoder-webm-vp8: eb34c28f22e8b96e1ab97ce403110664 -> 
  custom:audio-encoder-webm-vorbis: bf7c407c2cedff20999df2af8eb42d56 -> 
  custom:framework-win-MediaFoundation: 216162199b28c13a410421893ffa2e32 -> 
  custom:container-demuxer-ogg: 62fdf1f143b41e24485cea50d1cbac27 -> 
  custom:video-decoder-webm-vp8: 9c59270c3fd7afecdb556c50c9e8de78 -> 
  custom:audio-decoder-ogg-vorbis: bf7c407c2cedff20999df2af8eb42d56 -> 
========================================================================
Received Import Request.
  Time since last request: 142446.080534 seconds.
  path: Assets/Materials/Dosk.mat
  artifactKey: Guid(2688bee5294cfae4d94cb1313b0a17cd) Importer(2089858483,934ff659095e30574adcf32a4c2f97b5)
Start importing Assets/Materials/Dosk.mat using Guid(2688bee5294cfae4d94cb1313b0a17cd) Importer(2089858483,934ff659095e30574adcf32a4c2f97b5) Generated GUIDs only implemented for interfaces!
 -> (artifact id: '6c42cbf33b6a925916b6c59cb01f3137') in 0.138106 seconds 
========================================================================
Received Import Request.
  Time since last request: 0.000030 seconds.
  path: Assets/Sprites/Sword.png
  artifactKey: Guid(5d02304046f927f4d864c553cee1424f) Importer(2089858483,934ff659095e30574adcf32a4c2f97b5)
Start importing Assets/Sprites/Sword.png using Guid(5d02304046f927f4d864c553cee1424f) Importer(2089858483,934ff659095e30574adcf32a4c2f97b5) Generated GUIDs only implemented for interfaces!
 -> (artifact id: '33945c0f6f746548465a8ec89e04b033') in 0.066364 seconds 
========================================================================
Received Import Request.
  Time since last request: 0.000028 seconds.
  path: Assets/Animations/Ability.controller
  artifactKey: Guid(64b1c6fb0d27d794f99f818144e9b1d7) Importer(2089858483,934ff659095e30574adcf32a4c2f97b5)
Start importing Assets/Animations/Ability.controller using Guid(64b1c6fb0d27d794f99f818144e9b1d7) Importer(2089858483,934ff659095e30574adcf32a4c2f97b5) Generated GUIDs only implemented for interfaces!
 -> (artifact id: '99956fcc2a3edda8773cbc9498f93250') in 0.014748 seconds 
========================================================================
Received Import Request.
  Time since last request: 0.000041 seconds.
  path: Assets/Prefabs/Card.prefab
  artifactKey: Guid(f5b0ed72b7b5acf45b70ab59b18d8b91) Importer(2089858483,934ff659095e30574adcf32a4c2f97b5)
Start importing Assets/Prefabs/Card.prefab using Guid(f5b0ed72b7b5acf45b70ab59b18d8b91) Importer(2089858483,934ff659095e30574adcf32a4c2f97b5) Generated GUIDs only implemented for interfaces!
 -> (artifact id: 'f4ca0c5ba51b506f122d649dd75b4abb') in 0.023494 seconds 
========================================================================
Received Import Request.
  Time since last request: 0.000026 seconds.
  path: Assets/Animations/CloseAbility.anim
  artifactKey: Guid(f802efb1e5ded0f4b81c652d8524694b) Importer(2089858483,934ff659095e30574adcf32a4c2f97b5)
Start importing Assets/Animations/CloseAbility.anim using Guid(f802efb1e5ded0f4b81c652d8524694b) Importer(2089858483,934ff659095e30574adcf32a4c2f97b5) Generated GUIDs only implemented for interfaces!
 -> (artifact id: '11bfbb2ffb9710aef2faadda670f81a5') in 0.014247 seconds 
========================================================================
Received Import Request.
  Time since last request: 0.000044 seconds.
  path: Assets/Scripts/Enemy.cs
  artifactKey: Guid(7d9f38b56c519ac4a82500a1024d5a22) Importer(2089858483,934ff659095e30574adcf32a4c2f97b5)
Start importing Assets/Scripts/Enemy.cs using Guid(7d9f38b56c519ac4a82500a1024d5a22) Importer(2089858483,934ff659095e30574adcf32a4c2f97b5) Generated GUIDs only implemented for interfaces!
 -> (artifact id: '9fc0c4d5740e29940fce591a013564fc') in 0.013468 seconds 
========================================================================
Received Import Request.
  Time since last request: 0.000028 seconds.
  path: Assets/Scripts/Data/D_FireBall.asset
  artifactKey: Guid(1fa2b1efe2dd2134595e64f67b756320) Importer(2089858483,934ff659095e30574adcf32a4c2f97b5)
Start importing Assets/Scripts/Data/D_FireBall.asset using Guid(1fa2b1efe2dd2134595e64f67b756320) Importer(2089858483,934ff659095e30574adcf32a4c2f97b5) Generated GUIDs only implemented for interfaces!
 -> (artifact id: 'ada18aef848330f97ecce40b23c14260') in 0.013704 seconds 
========================================================================
Received Import Request.
  Time since last request: 0.000069 seconds.
  path: Assets/Sprites/istockphoto-1254425667-1024x1024.jpg
  artifactKey: Guid(768c5b628f912c744a45893c0cd81653) Importer(2089858483,934ff659095e30574adcf32a4c2f97b5)
Start importing Assets/Sprites/istockphoto-1254425667-1024x1024.jpg using Guid(768c5b628f912c744a45893c0cd81653) Importer(2089858483,934ff659095e30574adcf32a4c2f97b5) Generated GUIDs only implemented for interfaces!
 -> (artifact id: '831fe7e24abc9e170d4570d2a8f73ead') in 0.023562 seconds 
========================================================================
Received Import Request.
  Time since last request: 0.000031 seconds.
  path: Assets/Scripts/TurnSystem.cs
  artifactKey: Guid(182ce7c2be868e944acee35dafb6056a) Importer(2089858483,934ff659095e30574adcf32a4c2f97b5)
Start importing Assets/Scripts/TurnSystem.cs using Guid(182ce7c2be868e944acee35dafb6056a) Importer(2089858483,934ff659095e30574adcf32a4c2f97b5) Generated GUIDs only implemented for interfaces!
 -> (artifact id: '472ca1549a1409040d078027e1ed8be9') in 0.011249 seconds 
========================================================================
Received Import Request.
  Time since last request: 0.000030 seconds.
  path: Assets/Scripts/HandCardManager.cs
  artifactKey: Guid(6f2552218c30ae144aa6b7662fa1aa45) Importer(2089858483,934ff659095e30574adcf32a4c2f97b5)
Start importing Assets/Scripts/HandCardManager.cs using Guid(6f2552218c30ae144aa6b7662fa1aa45) Importer(2089858483,934ff659095e30574adcf32a4c2f97b5) Generated GUIDs only implemented for interfaces!
 -> (artifact id: 'd9c389303de64b8eddc09d078f103095') in 0.010499 seconds 
========================================================================
Received Import Request.
  Time since last request: 0.000042 seconds.
  path: Assets/Sprites/Quak.jpg
  artifactKey: Guid(6ecab52b99253614daaf3d7843249bd9) Importer(2089858483,934ff659095e30574adcf32a4c2f97b5)
Start importing Assets/Sprites/Quak.jpg using Guid(6ecab52b99253614daaf3d7843249bd9) Importer(2089858483,934ff659095e30574adcf32a4c2f97b5) Generated GUIDs only implemented for interfaces!
 -> (artifact id: '827712893041afad80cd7f39c9fc1a4f') in 0.021165 seconds 
========================================================================
Received Import Request.
  Time since last request: 39.362812 seconds.
  path: Packages/com.unity.collab-proxy/Editor/PlasticSCM/Assets/Images/step2@2x.png
  artifactKey: Guid(0029170d14ce6c04c9f45c22cdae5559) Importer(815301076,1909f56bfc062723c751e8b465ee728b)
Start importing Packages/com.unity.collab-proxy/Editor/PlasticSCM/Assets/Images/step2@2x.png using Guid(0029170d14ce6c04c9f45c22cdae5559) Importer(815301076,1909f56bfc062723c751e8b465ee728b)  -> (artifact id: '31f17ea1465d3ee200c27cbaa0444157') in 0.194352 seconds 
========================================================================
Received Import Request.
  Time since last request: 0.498239 seconds.
  path: Packages/com.unity.collab-proxy/Editor/PlasticSCM/Assets/Images/step3.png
  artifactKey: Guid(69899ed144c8eea4baea48b858b37746) Importer(815301076,1909f56bfc062723c751e8b465ee728b)
Start importing Packages/com.unity.collab-proxy/Editor/PlasticSCM/Assets/Images/step3.png using Guid(69899ed144c8eea4baea48b858b37746) Importer(815301076,1909f56bfc062723c751e8b465ee728b)  -> (artifact id: '168416398f4f329a56b916a18e27e78e') in 0.031459 seconds 
========================================================================
Received Import Request.
  Time since last request: 0.000030 seconds.
  path: Packages/com.unity.collab-proxy/Editor/PlasticSCM/Assets/Images/stepok.png
  artifactKey: Guid(d4780dc1205c7c7478c970d8c61d24e8) Importer(815301076,1909f56bfc062723c751e8b465ee728b)
Start importing Packages/com.unity.collab-proxy/Editor/PlasticSCM/Assets/Images/stepok.png using Guid(d4780dc1205c7c7478c970d8c61d24e8) Importer(815301076,1909f56bfc062723c751e8b465ee728b)  -> (artifact id: '2d289489b6276614b634ebe1cd3d4e8c') in 0.032666 seconds 
========================================================================
Received Import Request.
  Time since last request: 0.000029 seconds.
  path: Packages/com.unity.collab-proxy/Editor/PlasticSCM/Assets/Images/stepok@2x.png
  artifactKey: Guid(be340a165cb9c8d4cb50f1deeb51d4ea) Importer(815301076,1909f56bfc062723c751e8b465ee728b)
Start importing Packages/com.unity.collab-proxy/Editor/PlasticSCM/Assets/Images/stepok@2x.png using Guid(be340a165cb9c8d4cb50f1deeb51d4ea) Importer(815301076,1909f56bfc062723c751e8b465ee728b)  -> (artifact id: '461139eee20646a4352da43b256b2a35') in 0.034455 seconds 
========================================================================
Received Import Request.
  Time since last request: 0.033171 seconds.
  path: Packages/com.unity.collab-proxy/Editor/PlasticSCM/Assets/Images/xlink.png
  artifactKey: Guid(556a2f3b046024d4c9621c1b4be5f0c1) Importer(815301076,1909f56bfc062723c751e8b465ee728b)
Start importing Packages/com.unity.collab-proxy/Editor/PlasticSCM/Assets/Images/xlink.png using Guid(556a2f3b046024d4c9621c1b4be5f0c1) Importer(815301076,1909f56bfc062723c751e8b465ee728b)  -> (artifact id: '4aa2f72041e0dc2026bd4c8592f4e4ae') in 0.048684 seconds 
========================================================================
Received Import Request.
  Time since last request: 5.829483 seconds.
  path: Packages/com.unity.collab-proxy/Editor/PlasticSCM/Assets/Images/loading.png
  artifactKey: Guid(c6b1bcaa3f4767141acd747384dbb276) Importer(815301076,1909f56bfc062723c751e8b465ee728b)
Start importing Packages/com.unity.collab-proxy/Editor/PlasticSCM/Assets/Images/loading.png using Guid(c6b1bcaa3f4767141acd747384dbb276) Importer(815301076,1909f56bfc062723c751e8b465ee728b)  -> (artifact id: '656bb3f17df149a53c2d6eedd3ff9d9b') in 0.034711 seconds 
========================================================================
Received Prepare
Registering precompiled user dll's ...
Registered in 0.157887 seconds.
Begin MonoManager ReloadAssembly
Symbol file LoadedFromMemory doesn't match image D:\Unity\UnityProjects\Prot_CardGame\Prot_CardGame\Library\PackageCache\com.unity.visualscripting@1.7.2\Editor\VisualScripting.Core\Dependencies\YamlDotNet\Unity.VisualScripting.YamlDotNet.dll
Symbol file LoadedFromMemory doesn't match image D:\Unity\UnityProjects\Prot_CardGame\Prot_CardGame\Library\PackageCache\com.unity.visualscripting@1.7.2\Editor\VisualScripting.Core\Dependencies\DotNetZip\Unity.VisualScripting.IonicZip.dll
Native extension for WindowsStandalone target not found
Refreshing native plugins compatible for Editor in 1.92 ms, found 3 plugins.
Preloading 0 native plugins for Editor in 0.00 ms.
Mono: successfully reloaded assembly
- Completed reload, in  2.182 seconds
Domain Reload Profiling:
	ReloadAssembly (2183ms)
		BeginReloadAssembly (349ms)
			ExecutionOrderSort (0ms)
			DisableScriptedObjects (8ms)
			BackupInstance (0ms)
			ReleaseScriptingObjects (0ms)
			CreateAndSetChildDomain (72ms)
		EndReloadAssembly (1656ms)
			LoadAssemblies (262ms)
			RebuildTransferFunctionScriptingTraits (0ms)
			SetupTypeCache (490ms)
			ReleaseScriptCaches (2ms)
			RebuildScriptCaches (78ms)
			SetupLoadedEditorAssemblies (670ms)
				LogAssemblyErrors (0ms)
				InitializePlatformSupportModulesInManaged (28ms)
				SetLoadedEditorAssemblies (1ms)
				RefreshPlugins (2ms)
				BeforeProcessingInitializeOnLoad (101ms)
				ProcessInitializeOnLoadAttributes (478ms)
				ProcessInitializeOnLoadMethodAttributes (43ms)
				AfterProcessingInitializeOnLoad (18ms)
				EditorAssembliesLoaded (0ms)
			ExecutionOrderSort2 (0ms)
			AwakeInstancesAfterBackupRestoration (28ms)
Platform modules already initialized, skipping
Refreshing native plugins compatible for Editor in 0.80 ms, found 3 plugins.
Preloading 0 native plugins for Editor in 0.00 ms.
Unloading 3122 Unused Serialized files (Serialized files now loaded: 0)
Unloading 18 unused Assets / (24.6 KB). Loaded Objects now: 3684.
Memory consumption went from 120.2 MB to 120.1 MB.
Total: 3.992300 ms (FindLiveObjects: 0.433500 ms CreateObjectMapping: 0.126300 ms MarkObjects: 3.399500 ms  DeleteObjects: 0.031600 ms)

AssetImportParameters requested are different than current active one (requested -> active):
  custom:video-decoder-ogg-theora: a1e56fd34408186e4bbccfd4996cb3dc -> 
  custom:container-muxer-webm: aa71ff27fc2769a1b78a27578f13a17b -> 
  custom:container-demuxer-webm: 4f35f7cbe854078d1ac9338744f61a02 -> 
  custom:video-encoder-webm-vp8: eb34c28f22e8b96e1ab97ce403110664 -> 
  custom:audio-encoder-webm-vorbis: bf7c407c2cedff20999df2af8eb42d56 -> 
  custom:framework-win-MediaFoundation: 216162199b28c13a410421893ffa2e32 -> 
  custom:SearchIndexIgnoredProperties: e643bd26f0fe6173181afceb89e7c659 -> 
  custom:container-demuxer-ogg: 62fdf1f143b41e24485cea50d1cbac27 -> 
  custom:video-decoder-webm-vp8: 9c59270c3fd7afecdb556c50c9e8de78 -> 
  custom:audio-decoder-ogg-vorbis: bf7c407c2cedff20999df2af8eb42d56 -> 
========================================================================
Received Import Request.
  Time since last request: 529.857621 seconds.
  path: Packages/com.unity.2d.sprite/Editor/ObjectMenuCreation/DefaultAssets/Textures/IsometricDiamond.png
  artifactKey: Guid(045b15ec09bba42448d89db77fa6f20a) Importer(815301076,1909f56bfc062723c751e8b465ee728b)
Start importing Packages/com.unity.2d.sprite/Editor/ObjectMenuCreation/DefaultAssets/Textures/IsometricDiamond.png using Guid(045b15ec09bba42448d89db77fa6f20a) Importer(815301076,1909f56bfc062723c751e8b465ee728b)  -> (artifact id: '31f53f359a2c31a5225000ad04ae914f') in 0.097376 seconds 
========================================================================
Received Import Request.
  Time since last request: 2.261266 seconds.
  path: Packages/com.unity.2d.sprite/Editor/ObjectMenuCreation/DefaultAssets/Textures/v2/IsometricDiamond.png
  artifactKey: Guid(19fb86013d8c24d6cb8410c0aadf30fa) Importer(815301076,1909f56bfc062723c751e8b465ee728b)
Start importing Packages/com.unity.2d.sprite/Editor/ObjectMenuCreation/DefaultAssets/Textures/v2/IsometricDiamond.png using Guid(19fb86013d8c24d6cb8410c0aadf30fa) Importer(815301076,1909f56bfc062723c751e8b465ee728b)  -> (artifact id: '8202ba7b00727cf72c9595bac3d44150') in 0.028578 seconds 
========================================================================
Received Import Request.
  Time since last request: 0.114771 seconds.
  path: Packages/com.unity.collab-proxy/Editor/PlasticSCM/Assets/Images/ignoredoverlay.png
  artifactKey: Guid(767ce9b1aa9de8747a4c2ffc8b3dd7ad) Importer(815301076,1909f56bfc062723c751e8b465ee728b)
Start importing Packages/com.unity.collab-proxy/Editor/PlasticSCM/Assets/Images/ignoredoverlay.png using Guid(767ce9b1aa9de8747a4c2ffc8b3dd7ad) Importer(815301076,1909f56bfc062723c751e8b465ee728b)  -> (artifact id: '94586477167b00f33415356c76f3d889') in 0.029014 seconds 
========================================================================
Received Import Request.
  Time since last request: 0.537386 seconds.
  path: Packages/com.unity.collab-proxy/Editor/PlasticSCM/Assets/Images/iconundo@2x.png
  artifactKey: Guid(0dfbb2b6ddcdd254da80e3418498b3a6) Importer(815301076,1909f56bfc062723c751e8b465ee728b)
Start importing Packages/com.unity.collab-proxy/Editor/PlasticSCM/Assets/Images/iconundo@2x.png using Guid(0dfbb2b6ddcdd254da80e3418498b3a6) Importer(815301076,1909f56bfc062723c751e8b465ee728b)  -> (artifact id: '268a76e601dbb78fdec2a4abaa3b55db') in 0.030624 seconds 
========================================================================
Received Import Request.
  Time since last request: 0.000032 seconds.
  path: Packages/com.unity.collab-proxy/Editor/PlasticSCM/Assets/Images/iconrepository.png
  artifactKey: Guid(ed64f3a17f2ede646be21ed6edc9161a) Importer(815301076,1909f56bfc062723c751e8b465ee728b)
Start importing Packages/com.unity.collab-proxy/Editor/PlasticSCM/Assets/Images/iconrepository.png using Guid(ed64f3a17f2ede646be21ed6edc9161a) Importer(815301076,1909f56bfc062723c751e8b465ee728b)  -> (artifact id: '866a57ab151ac781169f66255a17537e') in 0.047308 seconds 
========================================================================
Received Import Request.
  Time since last request: 0.056638 seconds.
  path: Packages/com.unity.collab-proxy/Editor/PlasticSCM/Assets/Images/iconprivateoverlay.png
  artifactKey: Guid(9d6e2d7ce65565b4a93d524fe7a05d0b) Importer(815301076,1909f56bfc062723c751e8b465ee728b)
Start importing Packages/com.unity.collab-proxy/Editor/PlasticSCM/Assets/Images/iconprivateoverlay.png using Guid(9d6e2d7ce65565b4a93d524fe7a05d0b) Importer(815301076,1909f56bfc062723c751e8b465ee728b)  -> (artifact id: '5ed5145826b1e7a4594d4bc3d1484ee2') in 0.028649 seconds 
========================================================================
Received Import Request.
  Time since last request: 0.346906 seconds.
  path: Packages/com.unity.collab-proxy/Editor/PlasticSCM/Assets/Images/iconplasticviewnotify@2x.png
  artifactKey: Guid(0a4da12ff51bd83498216f698c7f20fa) Importer(815301076,1909f56bfc062723c751e8b465ee728b)
Start importing Packages/com.unity.collab-proxy/Editor/PlasticSCM/Assets/Images/iconplasticviewnotify@2x.png using Guid(0a4da12ff51bd83498216f698c7f20fa) Importer(815301076,1909f56bfc062723c751e8b465ee728b)  -> (artifact id: 'e2ff2e9635e51e9d453c5b552c14a876') in 0.030452 seconds 
========================================================================
Received Import Request.
  Time since last request: 0.059642 seconds.
  path: Packages/com.unity.collab-proxy/Editor/PlasticSCM/Assets/Images/iconplasticview@2x.png
  artifactKey: Guid(97a4e2b6ae08b1140a5ba9e22953e029) Importer(815301076,1909f56bfc062723c751e8b465ee728b)
Start importing Packages/com.unity.collab-proxy/Editor/PlasticSCM/Assets/Images/iconplasticview@2x.png using Guid(97a4e2b6ae08b1140a5ba9e22953e029) Importer(815301076,1909f56bfc062723c751e8b465ee728b)  -> (artifact id: '7364c5eb31c2f48369bbe4149e965cd1') in 0.118202 seconds 
========================================================================
Received Import Request.
  Time since last request: 0.470161 seconds.
  path: Packages/com.unity.collab-proxy/Editor/PlasticSCM/Assets/Images/iconplasticnotifyconflict@2x.png
  artifactKey: Guid(6e0a54826ffc3ee46b0aa3e1c1575a69) Importer(815301076,1909f56bfc062723c751e8b465ee728b)
Start importing Packages/com.unity.collab-proxy/Editor/PlasticSCM/Assets/Images/iconplasticnotifyconflict@2x.png using Guid(6e0a54826ffc3ee46b0aa3e1c1575a69) Importer(815301076,1909f56bfc062723c751e8b465ee728b)  -> (artifact id: 'adec61f1cf4444b07943d74dc79d6cce') in 0.029765 seconds 
========================================================================
Received Import Request.
  Time since last request: 0.192126 seconds.
  path: Packages/com.unity.collab-proxy/Editor/PlasticSCM/Assets/Images/iconplastic.png
  artifactKey: Guid(3042b019b052942a1baf7aa49d7ca6bb) Importer(815301076,1909f56bfc062723c751e8b465ee728b)
Start importing Packages/com.unity.collab-proxy/Editor/PlasticSCM/Assets/Images/iconplastic.png using Guid(3042b019b052942a1baf7aa49d7ca6bb) Importer(815301076,1909f56bfc062723c751e8b465ee728b)  -> (artifact id: 'e9841f70be5f1d5225fa6928d5b6e95e') in 0.036739 seconds 
========================================================================
Received Import Request.
  Time since last request: 0.059198 seconds.
  path: Packages/com.unity.collab-proxy/Editor/PlasticSCM/Assets/Images/iconoutofsyncoverlay.png
  artifactKey: Guid(1079db1f4b377fb45aa245fd791993f6) Importer(815301076,1909f56bfc062723c751e8b465ee728b)
Start importing Packages/com.unity.collab-proxy/Editor/PlasticSCM/Assets/Images/iconoutofsyncoverlay.png using Guid(1079db1f4b377fb45aa245fd791993f6) Importer(815301076,1909f56bfc062723c751e8b465ee728b)  -> (artifact id: 'd823eebfa252b4c03cb73d323a54f717') in 0.027003 seconds 
========================================================================
Received Import Request.
  Time since last request: 0.340913 seconds.
  path: Packages/com.unity.collab-proxy/Editor/PlasticSCM/Assets/Images/iconmergelink.png
  artifactKey: Guid(120bf54dff785a0429b068b814e9c12a) Importer(815301076,1909f56bfc062723c751e8b465ee728b)
Start importing Packages/com.unity.collab-proxy/Editor/PlasticSCM/Assets/Images/iconmergelink.png using Guid(120bf54dff785a0429b068b814e9c12a) Importer(815301076,1909f56bfc062723c751e8b465ee728b)  -> (artifact id: '841cc69aba5f90d1869db3ddce1753a7') in 0.030468 seconds 
========================================================================
Received Import Request.
  Time since last request: 0.000027 seconds.
  path: Packages/com.unity.collab-proxy/Editor/PlasticSCM/Assets/Images/iconmergeconflictoverlay@2x.png
  artifactKey: Guid(619a2a078bfb5c84494b1e0b64f983a3) Importer(815301076,1909f56bfc062723c751e8b465ee728b)
Start importing Packages/com.unity.collab-proxy/Editor/PlasticSCM/Assets/Images/iconmergeconflictoverlay@2x.png using Guid(619a2a078bfb5c84494b1e0b64f983a3) Importer(815301076,1909f56bfc062723c751e8b465ee728b)  -> (artifact id: '66f0aa2ae7679e2c1f4bf2d8339f29ee') in 0.050382 seconds 
========================================================================
Received Import Request.
  Time since last request: 0.041533 seconds.
  path: Packages/com.unity.collab-proxy/Editor/PlasticSCM/Assets/Images/iconmergeconflict.png
  artifactKey: Guid(3ebdd5b3c161fc343a4bbc3ea42da8ca) Importer(815301076,1909f56bfc062723c751e8b465ee728b)
Start importing Packages/com.unity.collab-proxy/Editor/PlasticSCM/Assets/Images/iconmergeconflict.png using Guid(3ebdd5b3c161fc343a4bbc3ea42da8ca) Importer(815301076,1909f56bfc062723c751e8b465ee728b)  -> (artifact id: 'ff8d260c3cc54ed70c345e1731c5faa5') in 0.027789 seconds 
========================================================================
Received Import Request.
  Time since last request: 3957.752816 seconds.
  path: Assets/Sprites/Mouse.jpg
  artifactKey: Guid(ad9c80e75194d8a4ba0382e3e69d52fd) Importer(815301076,1909f56bfc062723c751e8b465ee728b)
Start importing Assets/Sprites/Mouse.jpg using Guid(ad9c80e75194d8a4ba0382e3e69d52fd) Importer(815301076,1909f56bfc062723c751e8b465ee728b)  -> (artifact id: '6471460c2e4a971af1105a648745ecb6') in 0.087005 seconds 
========================================================================
Received Import Request.
  Time since last request: 150.861804 seconds.
  path: Assets/Sprites/New Material.mat
  artifactKey: Guid(fd8b908c629ee3c4ba4b6aaf877b65aa) Importer(815301076,1909f56bfc062723c751e8b465ee728b)
Start importing Assets/Sprites/New Material.mat using Guid(fd8b908c629ee3c4ba4b6aaf877b65aa) Importer(815301076,1909f56bfc062723c751e8b465ee728b)  -> (artifact id: '39994fd05409fe6e4f9c3119c5738721') in 0.138450 seconds 
========================================================================
Received Import Request.
  Time since last request: 403.752123 seconds.
  path: Assets/Sprites/Enemy
  artifactKey: Guid(3596da3353e572047a555d9a0e022867) Importer(815301076,1909f56bfc062723c751e8b465ee728b)
Start importing Assets/Sprites/Enemy using Guid(3596da3353e572047a555d9a0e022867) Importer(815301076,1909f56bfc062723c751e8b465ee728b)  -> (artifact id: 'f53bdddd6d98393e083ca70c5543ff56') in 0.008645 seconds 
========================================================================
Received Import Request.
  Time since last request: 5.886330 seconds.
  path: Assets/Sprites/Enemy/Robot_1.png
  artifactKey: Guid(8bb4eff2c2ac44b46a505bc39d4788de) Importer(815301076,1909f56bfc062723c751e8b465ee728b)
Start importing Assets/Sprites/Enemy/Robot_1.png using Guid(8bb4eff2c2ac44b46a505bc39d4788de) Importer(815301076,1909f56bfc062723c751e8b465ee728b)  -> (artifact id: '6f0a427b17652048e4c301aec9c9c893') in 0.020579 seconds 
========================================================================
Received Import Request.
  Time since last request: 4.875022 seconds.
  path: Assets/Sprites/Enemy/Robot_2.jfif
  artifactKey: Guid(713adf27155a45145b3ca5584f79f4bc) Importer(815301076,1909f56bfc062723c751e8b465ee728b)
Start importing Assets/Sprites/Enemy/Robot_2.jfif using Guid(713adf27155a45145b3ca5584f79f4bc) Importer(815301076,1909f56bfc062723c751e8b465ee728b)  -> (artifact id: '94e5a13c0d48eace4c8779e61c2fb472') in 0.015480 seconds 
========================================================================
Received Import Request.
  Time since last request: 296.571038 seconds.
  path: Assets/Sprites/Enemy/Robot_1.png
  artifactKey: Guid(8bb4eff2c2ac44b46a505bc39d4788de) Importer(815301076,1909f56bfc062723c751e8b465ee728b)
Start importing Assets/Sprites/Enemy/Robot_1.png using Guid(8bb4eff2c2ac44b46a505bc39d4788de) Importer(815301076,1909f56bfc062723c751e8b465ee728b)  -> (artifact id: 'e15c65a33d40e5ee097ee8bbcc7f9b56') in 0.022534 seconds 
========================================================================
Received Import Request.
  Time since last request: 15.089690 seconds.
  path: Assets/Sprites/Enemy/Robot_1.png
  artifactKey: Guid(8bb4eff2c2ac44b46a505bc39d4788de) Importer(815301076,1909f56bfc062723c751e8b465ee728b)
Start importing Assets/Sprites/Enemy/Robot_1.png using Guid(8bb4eff2c2ac44b46a505bc39d4788de) Importer(815301076,1909f56bfc062723c751e8b465ee728b)  -> (artifact id: '4c5c79acc62c53cc64ed5d89b70fbc71') in 0.019572 seconds 
========================================================================
Received Import Request.
  Time since last request: 3.942370 seconds.
  path: Assets/Sprites/Enemy/Robot_1.png
  artifactKey: Guid(8bb4eff2c2ac44b46a505bc39d4788de) Importer(815301076,1909f56bfc062723c751e8b465ee728b)
Start importing Assets/Sprites/Enemy/Robot_1.png using Guid(8bb4eff2c2ac44b46a505bc39d4788de) Importer(815301076,1909f56bfc062723c751e8b465ee728b)  -> (artifact id: 'db0ec76d172b5cc1f9bb1f71418ad2fc') in 0.026449 seconds 
========================================================================
Received Import Request.
  Time since last request: 119.798018 seconds.
  path: Assets/Sprites/Enemy/Robot_1.png
  artifactKey: Guid(8bb4eff2c2ac44b46a505bc39d4788de) Importer(815301076,1909f56bfc062723c751e8b465ee728b)
Start importing Assets/Sprites/Enemy/Robot_1.png using Guid(8bb4eff2c2ac44b46a505bc39d4788de) Importer(815301076,1909f56bfc062723c751e8b465ee728b)  -> (artifact id: 'b571d3a4695e47fecfc38d872be56dff') in 0.018074 seconds 
========================================================================
Received Import Request.
  Time since last request: 10.752564 seconds.
  path: Assets/Sprites/Enemy/Robot_1.png
  artifactKey: Guid(8bb4eff2c2ac44b46a505bc39d4788de) Importer(815301076,1909f56bfc062723c751e8b465ee728b)
Start importing Assets/Sprites/Enemy/Robot_1.png using Guid(8bb4eff2c2ac44b46a505bc39d4788de) Importer(815301076,1909f56bfc062723c751e8b465ee728b)  -> (artifact id: '7e6a4b509f34c8a09ba4833deb53d09e') in 0.016922 seconds 
========================================================================
Received Import Request.
  Time since last request: 3.750163 seconds.
  path: Assets/Sprites/Enemy/Robot_1.png
  artifactKey: Guid(8bb4eff2c2ac44b46a505bc39d4788de) Importer(815301076,1909f56bfc062723c751e8b465ee728b)
Start importing Assets/Sprites/Enemy/Robot_1.png using Guid(8bb4eff2c2ac44b46a505bc39d4788de) Importer(815301076,1909f56bfc062723c751e8b465ee728b)  -> (artifact id: '1be8630003557bfabb1b48e9e51f5328') in 0.032951 seconds 
========================================================================
Received Import Request.
  Time since last request: 368.937746 seconds.
  path: Assets/Sprites/Enemy/Robot_1.png
  artifactKey: Guid(8bb4eff2c2ac44b46a505bc39d4788de) Importer(815301076,1909f56bfc062723c751e8b465ee728b)
Start importing Assets/Sprites/Enemy/Robot_1.png using Guid(8bb4eff2c2ac44b46a505bc39d4788de) Importer(815301076,1909f56bfc062723c751e8b465ee728b)  -> (artifact id: 'fa408bfee80e04f03821f73120800369') in 0.032075 seconds 
========================================================================
Received Import Request.
  Time since last request: 11.522611 seconds.
  path: Assets/Sprites/Enemy/Robot_1.png
  artifactKey: Guid(8bb4eff2c2ac44b46a505bc39d4788de) Importer(815301076,1909f56bfc062723c751e8b465ee728b)
Start importing Assets/Sprites/Enemy/Robot_1.png using Guid(8bb4eff2c2ac44b46a505bc39d4788de) Importer(815301076,1909f56bfc062723c751e8b465ee728b)  -> (artifact id: '942790e91af4d19c79025236981d09cd') in 0.030502 seconds 
========================================================================
Received Import Request.
  Time since last request: 150.046227 seconds.
  path: Assets/Sprites/Enemy/BackgroundCard.jpg
  artifactKey: Guid(539ab19701b4580438bcd9e568140a3b) Importer(815301076,1909f56bfc062723c751e8b465ee728b)
Start importing Assets/Sprites/Enemy/BackgroundCard.jpg using Guid(539ab19701b4580438bcd9e568140a3b) Importer(815301076,1909f56bfc062723c751e8b465ee728b)  -> (artifact id: 'a343891052515ef5bddc893a27572c3d') in 0.025301 seconds 
========================================================================
Received Import Request.
  Time since last request: 27.446082 seconds.
  path: Assets/Sprites/Enemy/BackgroundCard.jpg
  artifactKey: Guid(539ab19701b4580438bcd9e568140a3b) Importer(815301076,1909f56bfc062723c751e8b465ee728b)
Start importing Assets/Sprites/Enemy/BackgroundCard.jpg using Guid(539ab19701b4580438bcd9e568140a3b) Importer(815301076,1909f56bfc062723c751e8b465ee728b)  -> (artifact id: 'a67bf4b5aba29390bf26ef35a3f85b0c') in 0.038638 seconds 
========================================================================
Received Import Request.
  Time since last request: 43.894254 seconds.
  path: Assets/Sprites/Enemy/BackgroundCard.jpg
  artifactKey: Guid(539ab19701b4580438bcd9e568140a3b) Importer(815301076,1909f56bfc062723c751e8b465ee728b)
Start importing Assets/Sprites/Enemy/BackgroundCard.jpg using Guid(539ab19701b4580438bcd9e568140a3b) Importer(815301076,1909f56bfc062723c751e8b465ee728b)  -> (artifact id: 'da2c700969acb1c6f033ff32be48b382') in 0.015961 seconds 
========================================================================
Received Import Request.
  Time since last request: 5.876029 seconds.
  path: Assets/Sprites/Enemy/BackgroundCard.jpg
  artifactKey: Guid(539ab19701b4580438bcd9e568140a3b) Importer(815301076,1909f56bfc062723c751e8b465ee728b)
Start importing Assets/Sprites/Enemy/BackgroundCard.jpg using Guid(539ab19701b4580438bcd9e568140a3b) Importer(815301076,1909f56bfc062723c751e8b465ee728b)  -> (artifact id: '4b5bbbb28e22eccf3fef32be31f0044d') in 0.021626 seconds 
========================================================================
Received Import Request.
  Time since last request: 49.749593 seconds.
  path: Assets/Sprites/Enemy/Robot_1.png
  artifactKey: Guid(8bb4eff2c2ac44b46a505bc39d4788de) Importer(815301076,1909f56bfc062723c751e8b465ee728b)
Start importing Assets/Sprites/Enemy/Robot_1.png using Guid(8bb4eff2c2ac44b46a505bc39d4788de) Importer(815301076,1909f56bfc062723c751e8b465ee728b)  -> (artifact id: '42b275539555362d861e2c917a0fe630') in 0.016617 seconds 
========================================================================
Received Import Request.
  Time since last request: 5.310508 seconds.
  path: Assets/Sprites/Enemy/Robot_1.png
  artifactKey: Guid(8bb4eff2c2ac44b46a505bc39d4788de) Importer(815301076,1909f56bfc062723c751e8b465ee728b)
Start importing Assets/Sprites/Enemy/Robot_1.png using Guid(8bb4eff2c2ac44b46a505bc39d4788de) Importer(815301076,1909f56bfc062723c751e8b465ee728b)  -> (artifact id: 'a61041d4fcd7ec5d27a125d8e87a51c5') in 0.021650 seconds 
========================================================================
Received Import Request.
  Time since last request: 84.016765 seconds.
  path: Assets/Sprites/Enemy/Размер карт.txt
  artifactKey: Guid(803cded9fe25673419d4ea34e633da47) Importer(815301076,1909f56bfc062723c751e8b465ee728b)
Start importing Assets/Sprites/Enemy/Размер карт.txt using Guid(803cded9fe25673419d4ea34e633da47) Importer(815301076,1909f56bfc062723c751e8b465ee728b)  -> (artifact id: '524b3913f2b135a3e828e6483b590cd2') in 0.014538 seconds 
========================================================================
Received Import Request.
  Time since last request: 194.646688 seconds.
  path: Assets/Sprites/Enemy/Robot_2.jfif
  artifactKey: Guid(713adf27155a45145b3ca5584f79f4bc) Importer(815301076,1909f56bfc062723c751e8b465ee728b)
Start importing Assets/Sprites/Enemy/Robot_2.jfif using Guid(713adf27155a45145b3ca5584f79f4bc) Importer(815301076,1909f56bfc062723c751e8b465ee728b)  -> (artifact id: 'ad52224552afd494393a688c3ac7b437') in 0.013111 seconds 
========================================================================
Received Import Request.
  Time since last request: 66.969921 seconds.
  path: Assets/Sprites/Enemy/Robot_2.jpg
  artifactKey: Guid(b91e423ca873fc348a470e0a2b19e610) Importer(815301076,1909f56bfc062723c751e8b465ee728b)
Start importing Assets/Sprites/Enemy/Robot_2.jpg using Guid(b91e423ca873fc348a470e0a2b19e610) Importer(815301076,1909f56bfc062723c751e8b465ee728b)  -> (artifact id: 'f5308d5dd776fc4173f9e02a48e0f9b5') in 0.019795 seconds 
========================================================================
Received Import Request.
  Time since last request: 5.658639 seconds.
  path: Assets/Sprites/Enemy/Robot_2.jpg
  artifactKey: Guid(b91e423ca873fc348a470e0a2b19e610) Importer(815301076,1909f56bfc062723c751e8b465ee728b)
Start importing Assets/Sprites/Enemy/Robot_2.jpg using Guid(b91e423ca873fc348a470e0a2b19e610) Importer(815301076,1909f56bfc062723c751e8b465ee728b)  -> (artifact id: '76c5d5e46f2397962cb111b18ef7c80c') in 0.021202 seconds 
========================================================================
Received Prepare
Registering precompiled user dll's ...
Registered in 0.009951 seconds.
Begin MonoManager ReloadAssembly
Symbol file LoadedFromMemory doesn't match image D:\Unity\UnityProjects\Prot_CardGame\Prot_CardGame\Library\PackageCache\com.unity.visualscripting@1.7.2\Editor\VisualScripting.Core\Dependencies\YamlDotNet\Unity.VisualScripting.YamlDotNet.dll
Symbol file LoadedFromMemory doesn't match image D:\Unity\UnityProjects\Prot_CardGame\Prot_CardGame\Library\PackageCache\com.unity.visualscripting@1.7.2\Editor\VisualScripting.Core\Dependencies\DotNetZip\Unity.VisualScripting.IonicZip.dll
Native extension for WindowsStandalone target not found
Refreshing native plugins compatible for Editor in 1.18 ms, found 3 plugins.
Preloading 0 native plugins for Editor in 0.00 ms.
Mono: successfully reloaded assembly
- Completed reload, in  2.486 seconds
Domain Reload Profiling:
	ReloadAssembly (2491ms)
		BeginReloadAssembly (761ms)
			ExecutionOrderSort (0ms)
			DisableScriptedObjects (133ms)
			BackupInstance (0ms)
			ReleaseScriptingObjects (0ms)
			CreateAndSetChildDomain (327ms)
		EndReloadAssembly (1570ms)
			LoadAssemblies (222ms)
			RebuildTransferFunctionScriptingTraits (0ms)
			SetupTypeCache (609ms)
			ReleaseScriptCaches (3ms)
			RebuildScriptCaches (63ms)
			SetupLoadedEditorAssemblies (475ms)
				LogAssemblyErrors (0ms)
				InitializePlatformSupportModulesInManaged (21ms)
				SetLoadedEditorAssemblies (2ms)
				RefreshPlugins (1ms)
				BeforeProcessingInitializeOnLoad (90ms)
				ProcessInitializeOnLoadAttributes (313ms)
				ProcessInitializeOnLoadMethodAttributes (34ms)
				AfterProcessingInitializeOnLoad (13ms)
				EditorAssembliesLoaded (0ms)
			ExecutionOrderSort2 (0ms)
			AwakeInstancesAfterBackupRestoration (75ms)
Platform modules already initialized, skipping
Refreshing native plugins compatible for Editor in 1.32 ms, found 3 plugins.
Preloading 0 native plugins for Editor in 0.00 ms.
Unloading 3181 Unused Serialized files (Serialized files now loaded: 0)
Unloading 31 unused Assets / (0.7 MB). Loaded Objects now: 4249.
Memory consumption went from 137.1 MB to 136.4 MB.
Total: 15.591100 ms (FindLiveObjects: 0.533200 ms CreateObjectMapping: 0.310500 ms MarkObjects: 13.715400 ms  DeleteObjects: 1.015200 ms)

AssetImportParameters requested are different than current active one (requested -> active):
  custom:video-decoder-ogg-theora: a1e56fd34408186e4bbccfd4996cb3dc -> 
  custom:container-muxer-webm: aa71ff27fc2769a1b78a27578f13a17b -> 
  custom:container-demuxer-webm: 4f35f7cbe854078d1ac9338744f61a02 -> 
  custom:video-encoder-webm-vp8: eb34c28f22e8b96e1ab97ce403110664 -> 
  custom:audio-encoder-webm-vorbis: bf7c407c2cedff20999df2af8eb42d56 -> 
  custom:framework-win-MediaFoundation: 216162199b28c13a410421893ffa2e32 -> 
  custom:SearchIndexIgnoredProperties: e643bd26f0fe6173181afceb89e7c659 -> 
  custom:container-demuxer-ogg: 62fdf1f143b41e24485cea50d1cbac27 -> 
  custom:video-decoder-webm-vp8: 9c59270c3fd7afecdb556c50c9e8de78 -> 
  custom:audio-decoder-ogg-vorbis: bf7c407c2cedff20999df2af8eb42d56 -> 
========================================================================
Received Import Request.
  Time since last request: 529.607781 seconds.
  path: Assets/TextMesh Pro/Examples & Extras/Fonts/Anton.ttf
  artifactKey: Guid(997a43b767814dd0a7642ec9b78cba41) Importer(815301076,1909f56bfc062723c751e8b465ee728b)
Start importing Assets/TextMesh Pro/Examples & Extras/Fonts/Anton.ttf using Guid(997a43b767814dd0a7642ec9b78cba41) Importer(815301076,1909f56bfc062723c751e8b465ee728b)  -> (artifact id: '1bf234492c0e552b4394874dec5c6e68') in 0.252610 seconds 
========================================================================
Received Import Request.
  Time since last request: 0.000103 seconds.
  path: Assets/TextMesh Pro/Examples & Extras/Fonts/Oswald-Bold.ttf
  artifactKey: Guid(c9f6d0e7bc8541498c9a4799ba184ede) Importer(815301076,1909f56bfc062723c751e8b465ee728b)
Start importing Assets/TextMesh Pro/Examples & Extras/Fonts/Oswald-Bold.ttf using Guid(c9f6d0e7bc8541498c9a4799ba184ede) Importer(815301076,1909f56bfc062723c751e8b465ee728b)  -> (artifact id: '692e4820a3de1df474b793aef0e94c95') in 0.036856 seconds 
========================================================================
Received Import Request.
  Time since last request: 0.000050 seconds.
  path: Assets/TextMesh Pro/Examples & Extras/Fonts/Electronic Highway Sign.TTF
  artifactKey: Guid(8a2b9e2a607dd2143b58c44bc32410b4) Importer(815301076,1909f56bfc062723c751e8b465ee728b)
Start importing Assets/TextMesh Pro/Examples & Extras/Fonts/Electronic Highway Sign.TTF using Guid(8a2b9e2a607dd2143b58c44bc32410b4) Importer(815301076,1909f56bfc062723c751e8b465ee728b)  -> (artifact id: 'd181c4e8c74cf676d8a644eeefb725da') in 0.038535 seconds 
========================================================================
Received Import Request.
  Time since last request: 274.425387 seconds.
  path: Assets/TextMesh Pro/Examples & Extras/Resources/Fonts & Materials/Anton SDF - Drop Shadow.mat
  artifactKey: Guid(749b9069dc4742c5bfa5c74644049926) Importer(815301076,1909f56bfc062723c751e8b465ee728b)
Start importing Assets/TextMesh Pro/Examples & Extras/Resources/Fonts & Materials/Anton SDF - Drop Shadow.mat using Guid(749b9069dc4742c5bfa5c74644049926) Importer(815301076,1909f56bfc062723c751e8b465ee728b)  -> (artifact id: '15fa0a2dcad21ee9d1abe120bc49a189') in 0.125723 seconds 
========================================================================
Received Import Request.
  Time since last request: 0.000030 seconds.
  path: Assets/TextMesh Pro/Examples & Extras/Resources/Fonts & Materials/Bangers SDF - Outline.mat
  artifactKey: Guid(f629c6e43dba4bf38cb74d8860150664) Importer(815301076,1909f56bfc062723c751e8b465ee728b)
Start importing Assets/TextMesh Pro/Examples & Extras/Resources/Fonts & Materials/Bangers SDF - Outline.mat using Guid(f629c6e43dba4bf38cb74d8860150664) Importer(815301076,1909f56bfc062723c751e8b465ee728b)  -> (artifact id: '211b2245357ddeb52e33f9762a8ab7dd') in 0.034818 seconds 
========================================================================
Received Import Request.
  Time since last request: 0.000051 seconds.
  path: Assets/TextMesh Pro/Examples & Extras/Resources/Fonts & Materials/Bangers SDF - Drop Shadow.mat
  artifactKey: Guid(f2dcf029949142e28b974630369c8b4e) Importer(815301076,1909f56bfc062723c751e8b465ee728b)
Start importing Assets/TextMesh Pro/Examples & Extras/Resources/Fonts & Materials/Bangers SDF - Drop Shadow.mat using Guid(f2dcf029949142e28b974630369c8b4e) Importer(815301076,1909f56bfc062723c751e8b465ee728b)  -> (artifact id: '84668ebb68f2a90afe9dff068457f1de') in 0.027068 seconds 
========================================================================
Received Import Request.
  Time since last request: 0.000040 seconds.
  path: Assets/TextMesh Pro/Examples & Extras/Resources/Fonts & Materials/Bangers SDF Glow.mat
  artifactKey: Guid(d75b8f41e959450c84ac6e967084d3e1) Importer(815301076,1909f56bfc062723c751e8b465ee728b)
Start importing Assets/TextMesh Pro/Examples & Extras/Resources/Fonts & Materials/Bangers SDF Glow.mat using Guid(d75b8f41e959450c84ac6e967084d3e1) Importer(815301076,1909f56bfc062723c751e8b465ee728b)  -> (artifact id: '3d254f258a7f3c89e05ee642dfd73b8f') in 0.141400 seconds 
========================================================================
Received Import Request.
  Time since last request: 847.446786 seconds.
  path: Assets/Sprites/Player.jpg
  artifactKey: Guid(1dd60f7a23b110340873528dbcb814f1) Importer(815301076,1909f56bfc062723c751e8b465ee728b)
Start importing Assets/Sprites/Player.jpg using Guid(1dd60f7a23b110340873528dbcb814f1) Importer(815301076,1909f56bfc062723c751e8b465ee728b)  -> (artifact id: '47f8e306dd601dabc8a0d81e2bd43855') in 0.032427 seconds 
========================================================================
Received Import Request.
  Time since last request: 11.957669 seconds.
  path: Assets/Sprites/Player.jpg
  artifactKey: Guid(1dd60f7a23b110340873528dbcb814f1) Importer(815301076,1909f56bfc062723c751e8b465ee728b)
Start importing Assets/Sprites/Player.jpg using Guid(1dd60f7a23b110340873528dbcb814f1) Importer(815301076,1909f56bfc062723c751e8b465ee728b)  -> (artifact id: 'a71418483414c909cb4b0bdddb143d2e') in 0.048462 seconds 
========================================================================
Received Import Request.
  Time since last request: 1237.440442 seconds.
  path: ProjectSettings/TagManager.asset
  artifactKey: Guid(00000000000000003000000000000000) Importer(815301076,1909f56bfc062723c751e8b465ee728b)
Start importing ProjectSettings/TagManager.asset using Guid(00000000000000003000000000000000) Importer(815301076,1909f56bfc062723c751e8b465ee728b)  -> (artifact id: '49103ddb131dee35ba8759c97ba2dd04') in 0.015927 seconds 
========================================================================
Received Import Request.
  Time since last request: 1074.044370 seconds.
  path: Assets/Sprites/FireBall 1.jpg
  artifactKey: Guid(b4e156f344cc0a540af5f1afc4fcf14a) Importer(815301076,1909f56bfc062723c751e8b465ee728b)
Start importing Assets/Sprites/FireBall 1.jpg using Guid(b4e156f344cc0a540af5f1afc4fcf14a) Importer(815301076,1909f56bfc062723c751e8b465ee728b)  -> (artifact id: '9d3353e6f71c06423e963b5feab01d8e') in 0.043145 seconds 
========================================================================
Received Import Request.
  Time since last request: 27.787522 seconds.
  path: Assets/Sprites/Kogti.jpg
  artifactKey: Guid(915d71cea560e1f4b9ebc6fe7e5d389f) Importer(815301076,1909f56bfc062723c751e8b465ee728b)
Start importing Assets/Sprites/Kogti.jpg using Guid(915d71cea560e1f4b9ebc6fe7e5d389f) Importer(815301076,1909f56bfc062723c751e8b465ee728b)  -> (artifact id: 'c0947aa3be1b5947afda20bad833f54d') in 0.029896 seconds 
========================================================================
Received Import Request.
  Time since last request: 4.688262 seconds.
  path: Assets/Sprites/FireBall 1.jpg
  artifactKey: Guid(b4e156f344cc0a540af5f1afc4fcf14a) Importer(815301076,1909f56bfc062723c751e8b465ee728b)
Start importing Assets/Sprites/FireBall 1.jpg using Guid(b4e156f344cc0a540af5f1afc4fcf14a) Importer(815301076,1909f56bfc062723c751e8b465ee728b)  -> (artifact id: '4d140b7125b5d1ab470faa344723d334') in 0.025556 seconds 
========================================================================
Received Import Request.
  Time since last request: 332.580418 seconds.
  path: Assets/Animations/CloseAbility.anim
  artifactKey: Guid(f802efb1e5ded0f4b81c652d8524694b) Importer(815301076,1909f56bfc062723c751e8b465ee728b)
Start importing Assets/Animations/CloseAbility.anim using Guid(f802efb1e5ded0f4b81c652d8524694b) Importer(815301076,1909f56bfc062723c751e8b465ee728b)  -> (artifact id: 'a0851f534fc9a7a9731087e1f8ca8561') in 0.026132 seconds 
========================================================================
Received Import Request.
  Time since last request: 172.802843 seconds.
  path: Assets/Animations/AbilityCards.controller
  artifactKey: Guid(8103daba25b88cc4a97fa13964458a91) Importer(815301076,1909f56bfc062723c751e8b465ee728b)
Start importing Assets/Animations/AbilityCards.controller using Guid(8103daba25b88cc4a97fa13964458a91) Importer(815301076,1909f56bfc062723c751e8b465ee728b)  -> (artifact id: '85d2d1c16bd5acf82e4e6fb76ac0b2db') in 0.020738 seconds 
========================================================================
Received Import Request.
  Time since last request: 80.519562 seconds.
  path: Assets/Animations/AbilityCards.controller
  artifactKey: Guid(8103daba25b88cc4a97fa13964458a91) Importer(815301076,1909f56bfc062723c751e8b465ee728b)
Start importing Assets/Animations/AbilityCards.controller using Guid(8103daba25b88cc4a97fa13964458a91) Importer(815301076,1909f56bfc062723c751e8b465ee728b)  -> (artifact id: '1f21d4ca5338fc88464f809ed094ece6') in 0.004666 seconds 
========================================================================
Received Import Request.
  Time since last request: 206.905793 seconds.
  path: Assets/Animations/AbilityCards.controller
  artifactKey: Guid(8103daba25b88cc4a97fa13964458a91) Importer(815301076,1909f56bfc062723c751e8b465ee728b)
Start importing Assets/Animations/AbilityCards.controller using Guid(8103daba25b88cc4a97fa13964458a91) Importer(815301076,1909f56bfc062723c751e8b465ee728b)  -> (artifact id: '0fcd039645599dada77d67f714883ec6') in 0.005338 seconds 
========================================================================
Received Import Request.
  Time since last request: 51.340336 seconds.
  path: Assets/Scripts/Player.cs
  artifactKey: Guid(7783a0c4475b3584d8ba4ba53b90c69a) Importer(815301076,1909f56bfc062723c751e8b465ee728b)
Start importing Assets/Scripts/Player.cs using Guid(7783a0c4475b3584d8ba4ba53b90c69a) Importer(815301076,1909f56bfc062723c751e8b465ee728b)  -> (artifact id: 'a0a8232e34278ad58080a3bea4b98665') in 0.003897 seconds 
========================================================================
Received Import Request.
  Time since last request: 13.319082 seconds.
  path: Assets/Scripts/Player.cs
  artifactKey: Guid(7783a0c4475b3584d8ba4ba53b90c69a) Importer(815301076,1909f56bfc062723c751e8b465ee728b)
Start importing Assets/Scripts/Player.cs using Guid(7783a0c4475b3584d8ba4ba53b90c69a) Importer(815301076,1909f56bfc062723c751e8b465ee728b)  -> (artifact id: '146a41c55fdb89ffe5ea1eba6904a18b') in 0.003645 seconds 
========================================================================
Received Prepare
Registering precompiled user dll's ...
Registered in 0.011237 seconds.
Begin MonoManager ReloadAssembly
Symbol file LoadedFromMemory doesn't match image D:\Unity\UnityProjects\Prot_CardGame\Prot_CardGame\Library\PackageCache\com.unity.visualscripting@1.7.2\Editor\VisualScripting.Core\Dependencies\YamlDotNet\Unity.VisualScripting.YamlDotNet.dll
Symbol file LoadedFromMemory doesn't match image D:\Unity\UnityProjects\Prot_CardGame\Prot_CardGame\Library\PackageCache\com.unity.visualscripting@1.7.2\Editor\VisualScripting.Core\Dependencies\DotNetZip\Unity.VisualScripting.IonicZip.dll
Native extension for WindowsStandalone target not found
Refreshing native plugins compatible for Editor in 1.27 ms, found 3 plugins.
Preloading 0 native plugins for Editor in 0.00 ms.
Mono: successfully reloaded assembly
- Completed reload, in  2.181 seconds
Domain Reload Profiling:
	ReloadAssembly (2184ms)
		BeginReloadAssembly (718ms)
			ExecutionOrderSort (0ms)
			DisableScriptedObjects (83ms)
			BackupInstance (0ms)
			ReleaseScriptingObjects (0ms)
			CreateAndSetChildDomain (371ms)
		EndReloadAssembly (1240ms)
			LoadAssemblies (192ms)
			RebuildTransferFunctionScriptingTraits (0ms)
			SetupTypeCache (351ms)
			ReleaseScriptCaches (1ms)
			RebuildScriptCaches (67ms)
			SetupLoadedEditorAssemblies (461ms)
				LogAssemblyErrors (0ms)
				InitializePlatformSupportModulesInManaged (21ms)
				SetLoadedEditorAssemblies (1ms)
				RefreshPlugins (1ms)
				BeforeProcessingInitializeOnLoad (82ms)
				ProcessInitializeOnLoadAttributes (306ms)
				ProcessInitializeOnLoadMethodAttributes (33ms)
				AfterProcessingInitializeOnLoad (16ms)
				EditorAssembliesLoaded (0ms)
			ExecutionOrderSort2 (0ms)
			AwakeInstancesAfterBackupRestoration (78ms)
Platform modules already initialized, skipping
Refreshing native plugins compatible for Editor in 1.45 ms, found 3 plugins.
Preloading 0 native plugins for Editor in 0.00 ms.
Unloading 3170 Unused Serialized files (Serialized files now loaded: 0)
Unloading 30 unused Assets / (0.6 MB). Loaded Objects now: 4376.
Memory consumption went from 140.0 MB to 139.5 MB.
Total: 8.701700 ms (FindLiveObjects: 0.494900 ms CreateObjectMapping: 0.171600 ms MarkObjects: 7.696100 ms  DeleteObjects: 0.336200 ms)

AssetImportParameters requested are different than current active one (requested -> active):
  custom:video-decoder-ogg-theora: a1e56fd34408186e4bbccfd4996cb3dc -> 
  custom:container-muxer-webm: aa71ff27fc2769a1b78a27578f13a17b -> 
  custom:container-demuxer-webm: 4f35f7cbe854078d1ac9338744f61a02 -> 
  custom:video-encoder-webm-vp8: eb34c28f22e8b96e1ab97ce403110664 -> 
  custom:audio-encoder-webm-vorbis: bf7c407c2cedff20999df2af8eb42d56 -> 
  custom:framework-win-MediaFoundation: 216162199b28c13a410421893ffa2e32 -> 
  custom:SearchIndexIgnoredProperties: e643bd26f0fe6173181afceb89e7c659 -> 
  custom:container-demuxer-ogg: 62fdf1f143b41e24485cea50d1cbac27 -> 
  custom:video-decoder-webm-vp8: 9c59270c3fd7afecdb556c50c9e8de78 -> 
  custom:audio-decoder-ogg-vorbis: bf7c407c2cedff20999df2af8eb42d56 -> 
========================================================================
Received Import Request.
  Time since last request: 24.033125 seconds.
  path: Assets/Scripts/PlayerCard.cs
  artifactKey: Guid(e72e107cc80adb447ae523261d7225c2) Importer(815301076,1909f56bfc062723c751e8b465ee728b)
Start importing Assets/Scripts/PlayerCard.cs using Guid(e72e107cc80adb447ae523261d7225c2) Importer(815301076,1909f56bfc062723c751e8b465ee728b)  -> (artifact id: '941ee7b8007308c53d629b188cad5515') in 0.019221 seconds 
